[08Jun2025 00:00:01.791] [Server thread/INFO] [net.minecraft.server.MinecraftServer/]: Jaime_A1 has made the advancement [Crops of the Wild]
[08Jun2025 00:00:30.886] [Server thread/INFO] [io.github.apace100.apoli.Apoli/]: Adding subpower ResourceKey[apoli:configured_power / strictly:winged_flap] from power ResourceKey[apoli:configured_power / strictly:winged]
[08Jun2025 00:00:30.886] [Server thread/INFO] [io.github.apace100.apoli.Apoli/]: Adding subpower ResourceKey[apoli:configured_power / strictly:winged_elytra] from power ResourceKey[apoli:configured_power / strictly:winged]
[08Jun2025 00:01:02.985] [Server thread/WARN] [net.minecraft.world.level.storage.loot.functions.SetItemDamageFunction/]: Couldn't set damage of loot item 1 netherite_scrap
[08Jun2025 00:01:02.986] [Server thread/WARN] [net.minecraft.world.level.storage.loot.functions.SetItemDamageFunction/]: Couldn't set damage of loot item 1 diamond
[08Jun2025 00:01:02.986] [Server thread/WARN] [net.minecraft.world.level.storage.loot.functions.SetItemDamageFunction/]: Couldn't set damage of loot item 1 gem_dust
[08Jun2025 00:01:02.986] [Server thread/WARN] [net.minecraft.world.level.storage.loot.functions.SetItemDamageFunction/]: Couldn't set damage of loot item 1 diamond
[08Jun2025 00:01:02.986] [Server thread/WARN] [net.minecraft.world.level.storage.loot.functions.SetItemDamageFunction/]: Couldn't set damage of loot item 1 gem_dust
[08Jun2025 00:02:02.208] [Server thread/INFO] [com.teampotato.redirector.Redirector/]: Redirecting vazkii/quark/base/handler/SortingHandler$ItemType
[08Jun2025 00:02:05.891] [Server thread/INFO] [com.teampotato.redirector.Redirector/]: Redirecting net/p3pp3rf1y/sophisticatedcore/common/gui/SortBy
[08Jun2025 00:02:33.434] [Server thread/INFO] [io.github.apace100.apoli.Apoli/]: Giving player TanatosGX stack: 1 compass
[08Jun2025 00:02:33.434] [Server thread/INFO] [io.github.apace100.apoli.Apoli/]: Giving player TanatosGX stack: 1 clock
[08Jun2025 00:02:33.434] [Server thread/INFO] [io.github.apace100.apoli.Apoli/]: Giving player TanatosGX stack: 9 map
[08Jun2025 00:02:40.802] [Server thread/INFO] [com.teampotato.redirector.Redirector/]: Redirecting net/minecraft/world/entity/ai/behavior/CrossbowAttack$CrossbowState
[08Jun2025 00:03:38.840] [Server thread/WARN] [net.minecraft.world.level.storage.loot.functions.SetItemDamageFunction/]: Couldn't set damage of loot item 1 netherite_scrap
[08Jun2025 00:03:38.840] [Server thread/WARN] [net.minecraft.world.level.storage.loot.functions.SetItemDamageFunction/]: Couldn't set damage of loot item 1 diamond
[08Jun2025 00:03:38.841] [Server thread/WARN] [net.minecraft.world.level.storage.loot.functions.SetItemDamageFunction/]: Couldn't set damage of loot item 1 iron_block
[08Jun2025 00:04:46.535] [Server thread/WARN] [net.minecraft.world.level.storage.loot.functions.SetItemDamageFunction/]: Couldn't set damage of loot item 1 gold_ingot
[08Jun2025 00:08:12.186] [Server thread/WARN] [net.minecraft.world.level.storage.loot.functions.SetItemDamageFunction/]: Couldn't set damage of loot item 1 gold_ingot
[08Jun2025 00:08:12.186] [Server thread/WARN] [net.minecraft.world.level.storage.loot.functions.SetItemDamageFunction/]: Couldn't set damage of loot item 1 diamond
[08Jun2025 00:08:12.186] [Server thread/WARN] [net.minecraft.world.level.storage.loot.functions.SetItemDamageFunction/]: Couldn't set damage of loot item 1 gem_dust
[08Jun2025 00:08:12.187] [Server thread/WARN] [net.minecraft.world.level.storage.loot.functions.SetItemDamageFunction/]: Couldn't set damage of loot item 1 diamond
[08Jun2025 00:08:12.187] [Server thread/WARN] [net.minecraft.world.level.storage.loot.functions.SetItemDamageFunction/]: Couldn't set damage of loot item 1 gem_dust
[08Jun2025 00:08:46.285] [Server thread/INFO] [net.minecraft.server.network.ServerGamePacketListenerImpl/]: zJ3ff lost connection: Disconnected
[08Jun2025 00:08:46.286] [Server thread/INFO] [net.minecraft.server.MinecraftServer/]: zJ3ff left the game
[08Jun2025 00:10:45.619] [Server thread/INFO] [net.minecraft.server.MinecraftServer/]: TanatosGX has made the advancement [Penteconter]
[08Jun2025 00:11:11.223] [Server thread/INFO] [com.teampotato.redirector.Redirector/]: Redirecting com/github/alexthe666/alexsmobs/entity/util/TerrapinTypes
[08Jun2025 00:11:32.480] [Server thread/ERROR] [Apotheosis : Adventure/]: Failed to locate any gear sets matching the following predicates: 
[08Jun2025 00:11:32.480] [Server thread/ERROR] [Apotheosis : Adventure/]: SetPredicate[#terrible]
[08Jun2025 00:11:32.494] [Server thread/WARN] [net.minecraft.world.level.storage.loot.functions.SetItemDamageFunction/]: Couldn't set damage of loot item 1 gold_ingot
[08Jun2025 00:11:32.494] [Server thread/WARN] [net.minecraft.world.level.storage.loot.functions.SetItemDamageFunction/]: Couldn't set damage of loot item 1 diamond
[08Jun2025 00:11:32.494] [Server thread/WARN] [net.minecraft.world.level.storage.loot.functions.SetItemDamageFunction/]: Couldn't set damage of loot item 1 gem_dust
[08Jun2025 00:12:14.835] [Server thread/WARN] [net.minecraft.world.level.storage.loot.functions.SetItemDamageFunction/]: Couldn't set damage of loot item 1 gold_ingot
[08Jun2025 00:12:14.836] [Server thread/WARN] [net.minecraft.world.level.storage.loot.functions.SetItemDamageFunction/]: Couldn't set damage of loot item 1 diamond
[08Jun2025 00:12:14.836] [Server thread/WARN] [net.minecraft.world.level.storage.loot.functions.SetItemDamageFunction/]: Couldn't set damage of loot item 1 iron_block
[08Jun2025 00:14:27.182] [Server thread/WARN] [net.minecraft.world.level.storage.loot.functions.SetItemDamageFunction/]: Couldn't set damage of loot item 1 gold_ingot
[08Jun2025 00:14:27.182] [Server thread/WARN] [net.minecraft.world.level.storage.loot.functions.SetItemDamageFunction/]: Couldn't set damage of loot item 1 diamond
[08Jun2025 00:14:27.182] [Server thread/WARN] [net.minecraft.world.level.storage.loot.functions.SetItemDamageFunction/]: Couldn't set damage of loot item 1 iron_block
[08Jun2025 00:17:25.558] [Netty Epoll Server IO #1/INFO] [Calio/]: Received acknowledgment for login packet with id 235
[08Jun2025 00:17:25.605] [Netty Epoll Server IO #1/INFO] [Calio/]: Received acknowledgment for login packet with id 236
[08Jun2025 00:17:25.663] [Netty Epoll Server IO #1/INFO] [Calio/]: Received acknowledgment for login packet with id 237
[08Jun2025 00:17:25.711] [Netty Epoll Server IO #1/INFO] [Calio/]: Received acknowledgment for login packet with id 238
[08Jun2025 00:17:25.753] [Netty Epoll Server IO #1/INFO] [Calio/]: Received acknowledgment for login packet with id 239
[08Jun2025 00:17:25.807] [Netty Epoll Server IO #1/INFO] [Calio/]: Received acknowledgment for login packet with id 240
[08Jun2025 00:17:25.854] [Netty Epoll Server IO #1/INFO] [Calio/]: Received acknowledgment for login packet with id 241
[08Jun2025 00:17:25.908] [Netty Epoll Server IO #1/INFO] [Calio/]: Received acknowledgment for login packet with id 242
[08Jun2025 00:17:25.961] [Netty Epoll Server IO #1/INFO] [Calio/]: Received acknowledgment for login packet with id 243
[08Jun2025 00:17:26.004] [Netty Epoll Server IO #1/INFO] [Calio/]: Received acknowledgment for login packet with id 244
[08Jun2025 00:17:26.058] [Netty Epoll Server IO #1/INFO] [Calio/]: Received acknowledgment for login packet with id 245
[08Jun2025 00:17:26.110] [Netty Epoll Server IO #1/INFO] [Calio/]: Received acknowledgment for login packet with id 246
[08Jun2025 00:17:26.972] [Netty Epoll Server IO #1/INFO] [Calio/]: Received acknowledgment for login packet with id 247
[08Jun2025 00:17:27.037] [Netty Epoll Server IO #1/INFO] [Calio/]: Received acknowledgment for login packet with id 248
[08Jun2025 00:17:27.114] [Netty Epoll Server IO #1/INFO] [Calio/]: Received acknowledgment for login packet with id 249
[08Jun2025 00:17:27.192] [Server thread/INFO] [net.minecraftforge.common.AdvancementLoadFix/]: Using new advancement loading for net.minecraft.server.PlayerAdvancements@33748125
[08Jun2025 00:17:27.202] [Server thread/INFO] [net.minecraft.server.players.PlayerList/]: zJ3ff[/10.147.17.225:62458] logged in with entity id 13769 at (501.2192397638484, 33.0, 583.9597547851511)
[08Jun2025 00:17:27.252] [Server thread/INFO] [ModdingLegacy/blue_skies/]: Sending ToolHandleTypeManager to zJ3ff
[08Jun2025 00:17:27.252] [Server thread/INFO] [ModdingLegacy/blue_skies/]: Sending SnowcapOvenFreezingManager to zJ3ff
[08Jun2025 00:17:27.252] [Server thread/INFO] [ModdingLegacy/blue_skies/]: Sending HorizoniteForgeFuelManager to zJ3ff
[08Jun2025 00:17:27.253] [Server thread/INFO] [ModdingLegacy/blue_skies/]: Sending AlchemyRecipeManager to zJ3ff
[08Jun2025 00:17:27.254] [Server thread/INFO] [ModdingLegacy/blue_skies/]: Sending JournalEntryManager to zJ3ff
[08Jun2025 00:17:27.255] [Server thread/INFO] [ModdingLegacy/blue_skies/]: Sending JournalSectionManager to zJ3ff
[08Jun2025 00:17:27.255] [Server thread/INFO] [ModdingLegacy/blue_skies/]: Sending JournalRequirementManager to zJ3ff
[08Jun2025 00:17:27.326] [Server thread/INFO] [net.minecraft.server.MinecraftServer/]: zJ3ff joined the game
[08Jun2025 00:17:27.400] [Server thread/INFO] [Jade/]: Syncing config to zJ3ff (eede419e-6249-3648-b9b1-3edb24231985)
[08Jun2025 00:17:27.472] [Server thread/INFO] [Enigmatic Legacy/INFO]: Synchronizing omniconfig files to zJ3ff...
[08Jun2025 00:17:27.473] [Server thread/INFO] [Enigmatic Legacy/INFO]: Sending data for enigmaticaddons-common.omniconf
[08Jun2025 00:17:27.473] [Server thread/INFO] [Enigmatic Legacy/INFO]: Sending data for enigmaticlegacy-common.omniconf
[08Jun2025 00:17:27.473] [Server thread/INFO] [Enigmatic Legacy/INFO]: Granting starter gear to zJ3ff
[08Jun2025 00:17:47.542] [Server thread/INFO] [net.minecraft.server.MinecraftServer/]: [Not Secure] <zJ3ff> tana
[08Jun2025 00:17:50.135] [Server thread/INFO] [net.minecraft.server.MinecraftServer/]: [Not Secure] <zJ3ff> por donde estoy yo
[08Jun2025 00:17:50.791] [Server thread/INFO] [net.minecraft.server.MinecraftServer/]: [Not Secure] <TanatosGX> eu?
[08Jun2025 00:17:53.238] [Server thread/INFO] [net.minecraft.server.MinecraftServer/]: [Not Secure] <zJ3ff> no habiamos explorado
[08Jun2025 00:17:58.451] [Server thread/INFO] [net.minecraft.server.MinecraftServer/]: [Not Secure] <zJ3ff> asi que hay cofres que no han abierto aca
